[2022-08-23T18:47:41.363+0000] {processor.py:153} INFO - Started process (PID=47) to work on /opt/airflow/dags/hello_world.py
[2022-08-23T18:47:41.365+0000] {processor.py:640} INFO - Processing file /opt/airflow/dags/hello_world.py for tasks to queue
[2022-08-23T18:47:41.367+0000] {logging_mixin.py:115} INFO - [2022-08-23T18:47:41.367+0000] {dagbag.py:508} INFO - Filling up the DagBag from /opt/airflow/dags/hello_world.py
[2022-08-23T18:47:41.407+0000] {processor.py:650} INFO - DAG(s) dict_keys(['hello_world']) retrieved from /opt/airflow/dags/hello_world.py
[2022-08-23T18:47:41.539+0000] {logging_mixin.py:115} INFO - [2022-08-23T18:47:41.539+0000] {manager.py:508} INFO - Created Permission View: can read on DAG:hello_world
[2022-08-23T18:47:41.557+0000] {logging_mixin.py:115} INFO - [2022-08-23T18:47:41.557+0000] {manager.py:508} INFO - Created Permission View: can edit on DAG:hello_world
[2022-08-23T18:47:41.573+0000] {logging_mixin.py:115} INFO - [2022-08-23T18:47:41.573+0000] {manager.py:508} INFO - Created Permission View: can delete on DAG:hello_world
[2022-08-23T18:47:41.575+0000] {logging_mixin.py:115} INFO - [2022-08-23T18:47:41.575+0000] {dag.py:2429} INFO - Sync 1 DAGs
[2022-08-23T18:47:41.594+0000] {logging_mixin.py:115} INFO - [2022-08-23T18:47:41.594+0000] {dag.py:2448} INFO - Creating ORM DAG for hello_world
[2022-08-23T18:47:41.621+0000] {logging_mixin.py:115} INFO - [2022-08-23T18:47:41.621+0000] {dag.py:2981} INFO - Setting next_dagrun for hello_world to 2022-08-23T00:00:00+00:00, run_after=2022-08-24T00:00:00+00:00
[2022-08-23T18:47:41.662+0000] {processor.py:161} INFO - Processing /opt/airflow/dags/hello_world.py took 0.305 seconds
[2022-08-23T18:48:11.746+0000] {processor.py:153} INFO - Started process (PID=66) to work on /opt/airflow/dags/hello_world.py
[2022-08-23T18:48:11.748+0000] {processor.py:640} INFO - Processing file /opt/airflow/dags/hello_world.py for tasks to queue
[2022-08-23T18:48:11.749+0000] {logging_mixin.py:115} INFO - [2022-08-23T18:48:11.749+0000] {dagbag.py:508} INFO - Filling up the DagBag from /opt/airflow/dags/hello_world.py
[2022-08-23T18:48:11.766+0000] {processor.py:650} INFO - DAG(s) dict_keys(['hello_world']) retrieved from /opt/airflow/dags/hello_world.py
[2022-08-23T18:48:11.801+0000] {logging_mixin.py:115} INFO - [2022-08-23T18:48:11.801+0000] {dag.py:2429} INFO - Sync 1 DAGs
[2022-08-23T18:48:11.833+0000] {logging_mixin.py:115} INFO - [2022-08-23T18:48:11.833+0000] {dag.py:2981} INFO - Setting next_dagrun for hello_world to 2022-08-23T00:00:00+00:00, run_after=2022-08-24T00:00:00+00:00
[2022-08-23T18:48:11.846+0000] {processor.py:161} INFO - Processing /opt/airflow/dags/hello_world.py took 0.105 seconds
[2022-08-23T18:48:41.919+0000] {processor.py:153} INFO - Started process (PID=94) to work on /opt/airflow/dags/hello_world.py
[2022-08-23T18:48:41.921+0000] {processor.py:640} INFO - Processing file /opt/airflow/dags/hello_world.py for tasks to queue
[2022-08-23T18:48:41.922+0000] {logging_mixin.py:115} INFO - [2022-08-23T18:48:41.922+0000] {dagbag.py:508} INFO - Filling up the DagBag from /opt/airflow/dags/hello_world.py
[2022-08-23T18:48:41.935+0000] {processor.py:650} INFO - DAG(s) dict_keys(['hello_world']) retrieved from /opt/airflow/dags/hello_world.py
[2022-08-23T18:48:41.964+0000] {logging_mixin.py:115} INFO - [2022-08-23T18:48:41.964+0000] {dag.py:2429} INFO - Sync 1 DAGs
[2022-08-23T18:48:41.990+0000] {logging_mixin.py:115} INFO - [2022-08-23T18:48:41.989+0000] {dag.py:2981} INFO - Setting next_dagrun for hello_world to 2022-08-23T00:00:00+00:00, run_after=2022-08-24T00:00:00+00:00
[2022-08-23T18:48:42.001+0000] {processor.py:161} INFO - Processing /opt/airflow/dags/hello_world.py took 0.086 seconds
[2022-08-23T18:48:42.932+0000] {processor.py:153} INFO - Started process (PID=95) to work on /opt/airflow/dags/hello_world.py
[2022-08-23T18:48:42.939+0000] {processor.py:640} INFO - Processing file /opt/airflow/dags/hello_world.py for tasks to queue
[2022-08-23T18:48:42.940+0000] {logging_mixin.py:115} INFO - [2022-08-23T18:48:42.940+0000] {dagbag.py:508} INFO - Filling up the DagBag from /opt/airflow/dags/hello_world.py
[2022-08-23T18:48:42.963+0000] {processor.py:650} INFO - DAG(s) dict_keys(['hello_world']) retrieved from /opt/airflow/dags/hello_world.py
[2022-08-23T18:48:43.035+0000] {logging_mixin.py:115} INFO - [2022-08-23T18:48:43.034+0000] {dag.py:2429} INFO - Sync 1 DAGs
[2022-08-23T18:48:43.059+0000] {logging_mixin.py:115} INFO - [2022-08-23T18:48:43.059+0000] {dag.py:2981} INFO - Setting next_dagrun for hello_world to 2022-08-22T00:00:00+00:00, run_after=2022-08-23T00:00:00+00:00
[2022-08-23T18:48:43.075+0000] {processor.py:161} INFO - Processing /opt/airflow/dags/hello_world.py took 0.148 seconds
[2022-08-23T18:49:13.198+0000] {processor.py:153} INFO - Started process (PID=121) to work on /opt/airflow/dags/hello_world.py
[2022-08-23T18:49:13.202+0000] {processor.py:640} INFO - Processing file /opt/airflow/dags/hello_world.py for tasks to queue
[2022-08-23T18:49:13.205+0000] {logging_mixin.py:115} INFO - [2022-08-23T18:49:13.205+0000] {dagbag.py:508} INFO - Filling up the DagBag from /opt/airflow/dags/hello_world.py
[2022-08-23T18:49:13.233+0000] {processor.py:650} INFO - DAG(s) dict_keys(['hello_world']) retrieved from /opt/airflow/dags/hello_world.py
[2022-08-23T18:49:13.298+0000] {logging_mixin.py:115} INFO - [2022-08-23T18:49:13.298+0000] {dag.py:2429} INFO - Sync 1 DAGs
[2022-08-23T18:49:13.348+0000] {logging_mixin.py:115} INFO - [2022-08-23T18:49:13.347+0000] {dag.py:2981} INFO - Setting next_dagrun for hello_world to 2022-08-23T00:00:00+00:00, run_after=2022-08-24T00:00:00+00:00
[2022-08-23T18:49:13.374+0000] {processor.py:161} INFO - Processing /opt/airflow/dags/hello_world.py took 0.183 seconds
[2022-08-23T18:49:43.481+0000] {processor.py:153} INFO - Started process (PID=142) to work on /opt/airflow/dags/hello_world.py
[2022-08-23T18:49:43.487+0000] {processor.py:640} INFO - Processing file /opt/airflow/dags/hello_world.py for tasks to queue
[2022-08-23T18:49:43.490+0000] {logging_mixin.py:115} INFO - [2022-08-23T18:49:43.489+0000] {dagbag.py:508} INFO - Filling up the DagBag from /opt/airflow/dags/hello_world.py
[2022-08-23T18:49:43.525+0000] {processor.py:650} INFO - DAG(s) dict_keys(['hello_world']) retrieved from /opt/airflow/dags/hello_world.py
[2022-08-23T18:49:43.580+0000] {logging_mixin.py:115} INFO - [2022-08-23T18:49:43.580+0000] {dag.py:2429} INFO - Sync 1 DAGs
[2022-08-23T18:49:43.625+0000] {logging_mixin.py:115} INFO - [2022-08-23T18:49:43.624+0000] {dag.py:2981} INFO - Setting next_dagrun for hello_world to 2022-08-23T00:00:00+00:00, run_after=2022-08-24T00:00:00+00:00
[2022-08-23T18:49:43.646+0000] {processor.py:161} INFO - Processing /opt/airflow/dags/hello_world.py took 0.172 seconds
[2022-08-23T18:50:13.726+0000] {processor.py:153} INFO - Started process (PID=170) to work on /opt/airflow/dags/hello_world.py
[2022-08-23T18:50:13.728+0000] {processor.py:640} INFO - Processing file /opt/airflow/dags/hello_world.py for tasks to queue
[2022-08-23T18:50:13.729+0000] {logging_mixin.py:115} INFO - [2022-08-23T18:50:13.729+0000] {dagbag.py:508} INFO - Filling up the DagBag from /opt/airflow/dags/hello_world.py
[2022-08-23T18:50:13.746+0000] {processor.py:650} INFO - DAG(s) dict_keys(['hello_world']) retrieved from /opt/airflow/dags/hello_world.py
[2022-08-23T18:50:13.781+0000] {logging_mixin.py:115} INFO - [2022-08-23T18:50:13.781+0000] {dag.py:2429} INFO - Sync 1 DAGs
[2022-08-23T18:50:13.813+0000] {logging_mixin.py:115} INFO - [2022-08-23T18:50:13.813+0000] {dag.py:2981} INFO - Setting next_dagrun for hello_world to 2022-08-23T00:00:00+00:00, run_after=2022-08-24T00:00:00+00:00
[2022-08-23T18:50:13.828+0000] {processor.py:161} INFO - Processing /opt/airflow/dags/hello_world.py took 0.107 seconds
[2022-08-23T18:50:43.909+0000] {processor.py:153} INFO - Started process (PID=189) to work on /opt/airflow/dags/hello_world.py
[2022-08-23T18:50:43.910+0000] {processor.py:640} INFO - Processing file /opt/airflow/dags/hello_world.py for tasks to queue
[2022-08-23T18:50:43.912+0000] {logging_mixin.py:115} INFO - [2022-08-23T18:50:43.912+0000] {dagbag.py:508} INFO - Filling up the DagBag from /opt/airflow/dags/hello_world.py
[2022-08-23T18:50:43.926+0000] {processor.py:650} INFO - DAG(s) dict_keys(['hello_world']) retrieved from /opt/airflow/dags/hello_world.py
[2022-08-23T18:50:43.955+0000] {logging_mixin.py:115} INFO - [2022-08-23T18:50:43.955+0000] {dag.py:2429} INFO - Sync 1 DAGs
[2022-08-23T18:50:43.984+0000] {logging_mixin.py:115} INFO - [2022-08-23T18:50:43.984+0000] {dag.py:2981} INFO - Setting next_dagrun for hello_world to 2022-08-23T00:00:00+00:00, run_after=2022-08-24T00:00:00+00:00
[2022-08-23T18:50:43.996+0000] {processor.py:161} INFO - Processing /opt/airflow/dags/hello_world.py took 0.091 seconds
[2022-08-23T18:51:14.068+0000] {processor.py:153} INFO - Started process (PID=217) to work on /opt/airflow/dags/hello_world.py
[2022-08-23T18:51:14.071+0000] {processor.py:640} INFO - Processing file /opt/airflow/dags/hello_world.py for tasks to queue
[2022-08-23T18:51:14.072+0000] {logging_mixin.py:115} INFO - [2022-08-23T18:51:14.072+0000] {dagbag.py:508} INFO - Filling up the DagBag from /opt/airflow/dags/hello_world.py
[2022-08-23T18:51:14.089+0000] {processor.py:650} INFO - DAG(s) dict_keys(['hello_world']) retrieved from /opt/airflow/dags/hello_world.py
[2022-08-23T18:51:14.119+0000] {logging_mixin.py:115} INFO - [2022-08-23T18:51:14.119+0000] {dag.py:2429} INFO - Sync 1 DAGs
[2022-08-23T18:51:14.151+0000] {logging_mixin.py:115} INFO - [2022-08-23T18:51:14.151+0000] {dag.py:2981} INFO - Setting next_dagrun for hello_world to 2022-08-23T00:00:00+00:00, run_after=2022-08-24T00:00:00+00:00
[2022-08-23T18:51:14.166+0000] {processor.py:161} INFO - Processing /opt/airflow/dags/hello_world.py took 0.101 seconds
[2022-08-23T18:51:44.250+0000] {processor.py:153} INFO - Started process (PID=245) to work on /opt/airflow/dags/hello_world.py
[2022-08-23T18:51:44.252+0000] {processor.py:640} INFO - Processing file /opt/airflow/dags/hello_world.py for tasks to queue
[2022-08-23T18:51:44.253+0000] {logging_mixin.py:115} INFO - [2022-08-23T18:51:44.253+0000] {dagbag.py:508} INFO - Filling up the DagBag from /opt/airflow/dags/hello_world.py
[2022-08-23T18:51:44.267+0000] {processor.py:650} INFO - DAG(s) dict_keys(['hello_world']) retrieved from /opt/airflow/dags/hello_world.py
[2022-08-23T18:51:44.295+0000] {logging_mixin.py:115} INFO - [2022-08-23T18:51:44.295+0000] {dag.py:2429} INFO - Sync 1 DAGs
[2022-08-23T18:51:44.321+0000] {logging_mixin.py:115} INFO - [2022-08-23T18:51:44.321+0000] {dag.py:2981} INFO - Setting next_dagrun for hello_world to 2022-08-23T00:00:00+00:00, run_after=2022-08-24T00:00:00+00:00
[2022-08-23T18:51:44.332+0000] {processor.py:161} INFO - Processing /opt/airflow/dags/hello_world.py took 0.086 seconds
[2022-08-23T18:52:14.412+0000] {processor.py:153} INFO - Started process (PID=264) to work on /opt/airflow/dags/hello_world.py
[2022-08-23T18:52:14.414+0000] {processor.py:640} INFO - Processing file /opt/airflow/dags/hello_world.py for tasks to queue
[2022-08-23T18:52:14.416+0000] {logging_mixin.py:115} INFO - [2022-08-23T18:52:14.415+0000] {dagbag.py:508} INFO - Filling up the DagBag from /opt/airflow/dags/hello_world.py
[2022-08-23T18:52:14.430+0000] {processor.py:650} INFO - DAG(s) dict_keys(['hello_world']) retrieved from /opt/airflow/dags/hello_world.py
[2022-08-23T18:52:14.460+0000] {logging_mixin.py:115} INFO - [2022-08-23T18:52:14.460+0000] {dag.py:2429} INFO - Sync 1 DAGs
[2022-08-23T18:52:14.489+0000] {logging_mixin.py:115} INFO - [2022-08-23T18:52:14.488+0000] {dag.py:2981} INFO - Setting next_dagrun for hello_world to 2022-08-23T00:00:00+00:00, run_after=2022-08-24T00:00:00+00:00
[2022-08-23T18:52:14.500+0000] {processor.py:161} INFO - Processing /opt/airflow/dags/hello_world.py took 0.092 seconds
[2022-08-23T18:52:44.577+0000] {processor.py:153} INFO - Started process (PID=292) to work on /opt/airflow/dags/hello_world.py
[2022-08-23T18:52:44.580+0000] {processor.py:640} INFO - Processing file /opt/airflow/dags/hello_world.py for tasks to queue
[2022-08-23T18:52:44.581+0000] {logging_mixin.py:115} INFO - [2022-08-23T18:52:44.581+0000] {dagbag.py:508} INFO - Filling up the DagBag from /opt/airflow/dags/hello_world.py
[2022-08-23T18:52:44.597+0000] {processor.py:650} INFO - DAG(s) dict_keys(['hello_world']) retrieved from /opt/airflow/dags/hello_world.py
[2022-08-23T18:52:44.629+0000] {logging_mixin.py:115} INFO - [2022-08-23T18:52:44.628+0000] {dag.py:2429} INFO - Sync 1 DAGs
[2022-08-23T18:52:44.659+0000] {logging_mixin.py:115} INFO - [2022-08-23T18:52:44.659+0000] {dag.py:2981} INFO - Setting next_dagrun for hello_world to 2022-08-23T00:00:00+00:00, run_after=2022-08-24T00:00:00+00:00
[2022-08-23T18:52:44.673+0000] {processor.py:161} INFO - Processing /opt/airflow/dags/hello_world.py took 0.100 seconds
[2022-08-23T18:53:14.739+0000] {processor.py:153} INFO - Started process (PID=318) to work on /opt/airflow/dags/hello_world.py
[2022-08-23T18:53:14.741+0000] {processor.py:640} INFO - Processing file /opt/airflow/dags/hello_world.py for tasks to queue
[2022-08-23T18:53:14.742+0000] {logging_mixin.py:115} INFO - [2022-08-23T18:53:14.742+0000] {dagbag.py:508} INFO - Filling up the DagBag from /opt/airflow/dags/hello_world.py
[2022-08-23T18:53:14.756+0000] {processor.py:650} INFO - DAG(s) dict_keys(['hello_world']) retrieved from /opt/airflow/dags/hello_world.py
[2022-08-23T18:53:14.785+0000] {logging_mixin.py:115} INFO - [2022-08-23T18:53:14.785+0000] {dag.py:2429} INFO - Sync 1 DAGs
[2022-08-23T18:53:14.813+0000] {logging_mixin.py:115} INFO - [2022-08-23T18:53:14.813+0000] {dag.py:2981} INFO - Setting next_dagrun for hello_world to 2022-08-23T00:00:00+00:00, run_after=2022-08-24T00:00:00+00:00
[2022-08-23T18:53:14.826+0000] {processor.py:161} INFO - Processing /opt/airflow/dags/hello_world.py took 0.090 seconds
[2022-08-23T18:53:44.916+0000] {processor.py:153} INFO - Started process (PID=339) to work on /opt/airflow/dags/hello_world.py
[2022-08-23T18:53:44.917+0000] {processor.py:640} INFO - Processing file /opt/airflow/dags/hello_world.py for tasks to queue
[2022-08-23T18:53:44.918+0000] {logging_mixin.py:115} INFO - [2022-08-23T18:53:44.918+0000] {dagbag.py:508} INFO - Filling up the DagBag from /opt/airflow/dags/hello_world.py
[2022-08-23T18:53:44.931+0000] {processor.py:650} INFO - DAG(s) dict_keys(['hello_world']) retrieved from /opt/airflow/dags/hello_world.py
[2022-08-23T18:53:44.959+0000] {logging_mixin.py:115} INFO - [2022-08-23T18:53:44.959+0000] {dag.py:2429} INFO - Sync 1 DAGs
[2022-08-23T18:53:44.986+0000] {logging_mixin.py:115} INFO - [2022-08-23T18:53:44.986+0000] {dag.py:2981} INFO - Setting next_dagrun for hello_world to 2022-08-23T00:00:00+00:00, run_after=2022-08-24T00:00:00+00:00
[2022-08-23T18:53:44.998+0000] {processor.py:161} INFO - Processing /opt/airflow/dags/hello_world.py took 0.086 seconds
[2022-08-23T18:54:15.065+0000] {processor.py:153} INFO - Started process (PID=367) to work on /opt/airflow/dags/hello_world.py
[2022-08-23T18:54:15.066+0000] {processor.py:640} INFO - Processing file /opt/airflow/dags/hello_world.py for tasks to queue
[2022-08-23T18:54:15.067+0000] {logging_mixin.py:115} INFO - [2022-08-23T18:54:15.067+0000] {dagbag.py:508} INFO - Filling up the DagBag from /opt/airflow/dags/hello_world.py
[2022-08-23T18:54:15.079+0000] {processor.py:650} INFO - DAG(s) dict_keys(['hello_world']) retrieved from /opt/airflow/dags/hello_world.py
[2022-08-23T18:54:15.108+0000] {logging_mixin.py:115} INFO - [2022-08-23T18:54:15.108+0000] {dag.py:2429} INFO - Sync 1 DAGs
[2022-08-23T18:54:15.138+0000] {logging_mixin.py:115} INFO - [2022-08-23T18:54:15.138+0000] {dag.py:2981} INFO - Setting next_dagrun for hello_world to 2022-08-23T00:00:00+00:00, run_after=2022-08-24T00:00:00+00:00
[2022-08-23T18:54:15.153+0000] {processor.py:161} INFO - Processing /opt/airflow/dags/hello_world.py took 0.092 seconds
[2022-08-23T18:54:45.195+0000] {processor.py:153} INFO - Started process (PID=386) to work on /opt/airflow/dags/hello_world.py
[2022-08-23T18:54:45.197+0000] {processor.py:640} INFO - Processing file /opt/airflow/dags/hello_world.py for tasks to queue
[2022-08-23T18:54:45.199+0000] {logging_mixin.py:115} INFO - [2022-08-23T18:54:45.199+0000] {dagbag.py:508} INFO - Filling up the DagBag from /opt/airflow/dags/hello_world.py
[2022-08-23T18:54:45.215+0000] {processor.py:650} INFO - DAG(s) dict_keys(['hello_world']) retrieved from /opt/airflow/dags/hello_world.py
[2022-08-23T18:54:45.245+0000] {logging_mixin.py:115} INFO - [2022-08-23T18:54:45.244+0000] {dag.py:2429} INFO - Sync 1 DAGs
[2022-08-23T18:54:45.272+0000] {logging_mixin.py:115} INFO - [2022-08-23T18:54:45.272+0000] {dag.py:2981} INFO - Setting next_dagrun for hello_world to 2022-08-23T00:00:00+00:00, run_after=2022-08-24T00:00:00+00:00
[2022-08-23T18:54:45.285+0000] {processor.py:161} INFO - Processing /opt/airflow/dags/hello_world.py took 0.095 seconds
[2022-08-23T18:55:15.326+0000] {processor.py:153} INFO - Started process (PID=415) to work on /opt/airflow/dags/hello_world.py
[2022-08-23T18:55:15.328+0000] {processor.py:640} INFO - Processing file /opt/airflow/dags/hello_world.py for tasks to queue
[2022-08-23T18:55:15.329+0000] {logging_mixin.py:115} INFO - [2022-08-23T18:55:15.329+0000] {dagbag.py:508} INFO - Filling up the DagBag from /opt/airflow/dags/hello_world.py
[2022-08-23T18:55:15.344+0000] {processor.py:650} INFO - DAG(s) dict_keys(['hello_world']) retrieved from /opt/airflow/dags/hello_world.py
[2022-08-23T18:55:15.374+0000] {logging_mixin.py:115} INFO - [2022-08-23T18:55:15.373+0000] {dag.py:2429} INFO - Sync 1 DAGs
[2022-08-23T18:55:15.400+0000] {logging_mixin.py:115} INFO - [2022-08-23T18:55:15.400+0000] {dag.py:2981} INFO - Setting next_dagrun for hello_world to 2022-08-23T00:00:00+00:00, run_after=2022-08-24T00:00:00+00:00
[2022-08-23T18:55:15.411+0000] {processor.py:161} INFO - Processing /opt/airflow/dags/hello_world.py took 0.090 seconds
[2022-08-23T18:55:45.438+0000] {processor.py:153} INFO - Started process (PID=443) to work on /opt/airflow/dags/hello_world.py
[2022-08-23T18:55:45.440+0000] {processor.py:640} INFO - Processing file /opt/airflow/dags/hello_world.py for tasks to queue
[2022-08-23T18:55:45.441+0000] {logging_mixin.py:115} INFO - [2022-08-23T18:55:45.441+0000] {dagbag.py:508} INFO - Filling up the DagBag from /opt/airflow/dags/hello_world.py
[2022-08-23T18:55:45.454+0000] {processor.py:650} INFO - DAG(s) dict_keys(['hello_world']) retrieved from /opt/airflow/dags/hello_world.py
[2022-08-23T18:55:45.482+0000] {logging_mixin.py:115} INFO - [2022-08-23T18:55:45.482+0000] {dag.py:2429} INFO - Sync 1 DAGs
[2022-08-23T18:55:45.508+0000] {logging_mixin.py:115} INFO - [2022-08-23T18:55:45.508+0000] {dag.py:2981} INFO - Setting next_dagrun for hello_world to 2022-08-23T00:00:00+00:00, run_after=2022-08-24T00:00:00+00:00
[2022-08-23T18:55:45.522+0000] {processor.py:161} INFO - Processing /opt/airflow/dags/hello_world.py took 0.087 seconds
[2022-08-23T18:56:15.553+0000] {processor.py:153} INFO - Started process (PID=462) to work on /opt/airflow/dags/hello_world.py
[2022-08-23T18:56:15.555+0000] {processor.py:640} INFO - Processing file /opt/airflow/dags/hello_world.py for tasks to queue
[2022-08-23T18:56:15.557+0000] {logging_mixin.py:115} INFO - [2022-08-23T18:56:15.557+0000] {dagbag.py:508} INFO - Filling up the DagBag from /opt/airflow/dags/hello_world.py
[2022-08-23T18:56:15.572+0000] {processor.py:650} INFO - DAG(s) dict_keys(['hello_world']) retrieved from /opt/airflow/dags/hello_world.py
[2022-08-23T18:56:15.604+0000] {logging_mixin.py:115} INFO - [2022-08-23T18:56:15.604+0000] {dag.py:2429} INFO - Sync 1 DAGs
[2022-08-23T18:56:15.647+0000] {logging_mixin.py:115} INFO - [2022-08-23T18:56:15.646+0000] {dag.py:2981} INFO - Setting next_dagrun for hello_world to 2022-08-23T00:00:00+00:00, run_after=2022-08-24T00:00:00+00:00
[2022-08-23T18:56:15.670+0000] {processor.py:161} INFO - Processing /opt/airflow/dags/hello_world.py took 0.122 seconds
[2022-08-23T18:56:45.763+0000] {processor.py:153} INFO - Started process (PID=490) to work on /opt/airflow/dags/hello_world.py
[2022-08-23T18:56:45.765+0000] {processor.py:640} INFO - Processing file /opt/airflow/dags/hello_world.py for tasks to queue
[2022-08-23T18:56:45.766+0000] {logging_mixin.py:115} INFO - [2022-08-23T18:56:45.766+0000] {dagbag.py:508} INFO - Filling up the DagBag from /opt/airflow/dags/hello_world.py
[2022-08-23T18:56:45.782+0000] {processor.py:650} INFO - DAG(s) dict_keys(['hello_world']) retrieved from /opt/airflow/dags/hello_world.py
[2022-08-23T18:56:45.813+0000] {logging_mixin.py:115} INFO - [2022-08-23T18:56:45.812+0000] {dag.py:2429} INFO - Sync 1 DAGs
[2022-08-23T18:56:45.842+0000] {logging_mixin.py:115} INFO - [2022-08-23T18:56:45.842+0000] {dag.py:2981} INFO - Setting next_dagrun for hello_world to 2022-08-23T00:00:00+00:00, run_after=2022-08-24T00:00:00+00:00
[2022-08-23T18:56:45.857+0000] {processor.py:161} INFO - Processing /opt/airflow/dags/hello_world.py took 0.099 seconds
[2022-08-23T18:57:15.937+0000] {processor.py:153} INFO - Started process (PID=518) to work on /opt/airflow/dags/hello_world.py
[2022-08-23T18:57:15.939+0000] {processor.py:640} INFO - Processing file /opt/airflow/dags/hello_world.py for tasks to queue
[2022-08-23T18:57:15.940+0000] {logging_mixin.py:115} INFO - [2022-08-23T18:57:15.940+0000] {dagbag.py:508} INFO - Filling up the DagBag from /opt/airflow/dags/hello_world.py
[2022-08-23T18:57:15.952+0000] {processor.py:650} INFO - DAG(s) dict_keys(['hello_world']) retrieved from /opt/airflow/dags/hello_world.py
[2022-08-23T18:57:15.978+0000] {logging_mixin.py:115} INFO - [2022-08-23T18:57:15.978+0000] {dag.py:2429} INFO - Sync 1 DAGs
[2022-08-23T18:57:16.004+0000] {logging_mixin.py:115} INFO - [2022-08-23T18:57:16.004+0000] {dag.py:2981} INFO - Setting next_dagrun for hello_world to 2022-08-23T00:00:00+00:00, run_after=2022-08-24T00:00:00+00:00
[2022-08-23T18:57:16.017+0000] {processor.py:161} INFO - Processing /opt/airflow/dags/hello_world.py took 0.084 seconds
[2022-08-23T18:57:46.047+0000] {processor.py:153} INFO - Started process (PID=537) to work on /opt/airflow/dags/hello_world.py
[2022-08-23T18:57:46.049+0000] {processor.py:640} INFO - Processing file /opt/airflow/dags/hello_world.py for tasks to queue
[2022-08-23T18:57:46.050+0000] {logging_mixin.py:115} INFO - [2022-08-23T18:57:46.050+0000] {dagbag.py:508} INFO - Filling up the DagBag from /opt/airflow/dags/hello_world.py
[2022-08-23T18:57:46.065+0000] {processor.py:650} INFO - DAG(s) dict_keys(['hello_world']) retrieved from /opt/airflow/dags/hello_world.py
[2022-08-23T18:57:46.097+0000] {logging_mixin.py:115} INFO - [2022-08-23T18:57:46.097+0000] {dag.py:2429} INFO - Sync 1 DAGs
[2022-08-23T18:57:46.125+0000] {logging_mixin.py:115} INFO - [2022-08-23T18:57:46.125+0000] {dag.py:2981} INFO - Setting next_dagrun for hello_world to 2022-08-23T00:00:00+00:00, run_after=2022-08-24T00:00:00+00:00
[2022-08-23T18:57:46.137+0000] {processor.py:161} INFO - Processing /opt/airflow/dags/hello_world.py took 0.095 seconds
[2022-08-23T18:58:16.210+0000] {processor.py:153} INFO - Started process (PID=565) to work on /opt/airflow/dags/hello_world.py
[2022-08-23T18:58:16.212+0000] {processor.py:640} INFO - Processing file /opt/airflow/dags/hello_world.py for tasks to queue
[2022-08-23T18:58:16.213+0000] {logging_mixin.py:115} INFO - [2022-08-23T18:58:16.213+0000] {dagbag.py:508} INFO - Filling up the DagBag from /opt/airflow/dags/hello_world.py
[2022-08-23T18:58:16.228+0000] {processor.py:650} INFO - DAG(s) dict_keys(['hello_world']) retrieved from /opt/airflow/dags/hello_world.py
[2022-08-23T18:58:16.259+0000] {logging_mixin.py:115} INFO - [2022-08-23T18:58:16.259+0000] {dag.py:2429} INFO - Sync 1 DAGs
[2022-08-23T18:58:16.291+0000] {logging_mixin.py:115} INFO - [2022-08-23T18:58:16.290+0000] {dag.py:2981} INFO - Setting next_dagrun for hello_world to 2022-08-23T00:00:00+00:00, run_after=2022-08-24T00:00:00+00:00
[2022-08-23T18:58:16.304+0000] {processor.py:161} INFO - Processing /opt/airflow/dags/hello_world.py took 0.098 seconds
[2022-08-23T18:58:46.393+0000] {processor.py:153} INFO - Started process (PID=584) to work on /opt/airflow/dags/hello_world.py
[2022-08-23T18:58:46.395+0000] {processor.py:640} INFO - Processing file /opt/airflow/dags/hello_world.py for tasks to queue
[2022-08-23T18:58:46.397+0000] {logging_mixin.py:115} INFO - [2022-08-23T18:58:46.397+0000] {dagbag.py:508} INFO - Filling up the DagBag from /opt/airflow/dags/hello_world.py
[2022-08-23T18:58:46.412+0000] {processor.py:650} INFO - DAG(s) dict_keys(['hello_world']) retrieved from /opt/airflow/dags/hello_world.py
[2022-08-23T18:58:46.442+0000] {logging_mixin.py:115} INFO - [2022-08-23T18:58:46.442+0000] {dag.py:2429} INFO - Sync 1 DAGs
[2022-08-23T18:58:46.484+0000] {logging_mixin.py:115} INFO - [2022-08-23T18:58:46.484+0000] {dag.py:2981} INFO - Setting next_dagrun for hello_world to 2022-08-23T00:00:00+00:00, run_after=2022-08-24T00:00:00+00:00
[2022-08-23T18:58:46.503+0000] {processor.py:161} INFO - Processing /opt/airflow/dags/hello_world.py took 0.115 seconds
[2022-08-23T18:59:16.593+0000] {processor.py:153} INFO - Started process (PID=612) to work on /opt/airflow/dags/hello_world.py
[2022-08-23T18:59:16.595+0000] {processor.py:640} INFO - Processing file /opt/airflow/dags/hello_world.py for tasks to queue
[2022-08-23T18:59:16.597+0000] {logging_mixin.py:115} INFO - [2022-08-23T18:59:16.597+0000] {dagbag.py:508} INFO - Filling up the DagBag from /opt/airflow/dags/hello_world.py
[2022-08-23T18:59:16.613+0000] {processor.py:650} INFO - DAG(s) dict_keys(['hello_world']) retrieved from /opt/airflow/dags/hello_world.py
[2022-08-23T18:59:16.648+0000] {logging_mixin.py:115} INFO - [2022-08-23T18:59:16.647+0000] {dag.py:2429} INFO - Sync 1 DAGs
[2022-08-23T18:59:16.684+0000] {logging_mixin.py:115} INFO - [2022-08-23T18:59:16.683+0000] {dag.py:2981} INFO - Setting next_dagrun for hello_world to 2022-08-23T00:00:00+00:00, run_after=2022-08-24T00:00:00+00:00
[2022-08-23T18:59:16.700+0000] {processor.py:161} INFO - Processing /opt/airflow/dags/hello_world.py took 0.112 seconds
[2022-08-23T18:59:46.777+0000] {processor.py:153} INFO - Started process (PID=640) to work on /opt/airflow/dags/hello_world.py
[2022-08-23T18:59:46.780+0000] {processor.py:640} INFO - Processing file /opt/airflow/dags/hello_world.py for tasks to queue
[2022-08-23T18:59:46.781+0000] {logging_mixin.py:115} INFO - [2022-08-23T18:59:46.781+0000] {dagbag.py:508} INFO - Filling up the DagBag from /opt/airflow/dags/hello_world.py
[2022-08-23T18:59:46.800+0000] {processor.py:650} INFO - DAG(s) dict_keys(['hello_world']) retrieved from /opt/airflow/dags/hello_world.py
[2022-08-23T18:59:46.833+0000] {logging_mixin.py:115} INFO - [2022-08-23T18:59:46.833+0000] {dag.py:2429} INFO - Sync 1 DAGs
[2022-08-23T18:59:46.865+0000] {logging_mixin.py:115} INFO - [2022-08-23T18:59:46.865+0000] {dag.py:2981} INFO - Setting next_dagrun for hello_world to 2022-08-23T00:00:00+00:00, run_after=2022-08-24T00:00:00+00:00
[2022-08-23T18:59:46.882+0000] {processor.py:161} INFO - Processing /opt/airflow/dags/hello_world.py took 0.110 seconds
[2022-08-23T19:00:16.974+0000] {processor.py:153} INFO - Started process (PID=659) to work on /opt/airflow/dags/hello_world.py
[2022-08-23T19:00:16.976+0000] {processor.py:640} INFO - Processing file /opt/airflow/dags/hello_world.py for tasks to queue
[2022-08-23T19:00:16.977+0000] {logging_mixin.py:115} INFO - [2022-08-23T19:00:16.977+0000] {dagbag.py:508} INFO - Filling up the DagBag from /opt/airflow/dags/hello_world.py
[2022-08-23T19:00:16.989+0000] {processor.py:650} INFO - DAG(s) dict_keys(['hello_world']) retrieved from /opt/airflow/dags/hello_world.py
[2022-08-23T19:00:17.018+0000] {logging_mixin.py:115} INFO - [2022-08-23T19:00:17.017+0000] {dag.py:2429} INFO - Sync 1 DAGs
[2022-08-23T19:00:17.045+0000] {logging_mixin.py:115} INFO - [2022-08-23T19:00:17.044+0000] {dag.py:2981} INFO - Setting next_dagrun for hello_world to 2022-08-23T00:00:00+00:00, run_after=2022-08-24T00:00:00+00:00
[2022-08-23T19:00:17.100+0000] {processor.py:161} INFO - Processing /opt/airflow/dags/hello_world.py took 0.131 seconds
[2022-08-23T19:00:47.190+0000] {processor.py:153} INFO - Started process (PID=687) to work on /opt/airflow/dags/hello_world.py
[2022-08-23T19:00:47.192+0000] {processor.py:640} INFO - Processing file /opt/airflow/dags/hello_world.py for tasks to queue
[2022-08-23T19:00:47.193+0000] {logging_mixin.py:115} INFO - [2022-08-23T19:00:47.193+0000] {dagbag.py:508} INFO - Filling up the DagBag from /opt/airflow/dags/hello_world.py
[2022-08-23T19:00:47.208+0000] {processor.py:650} INFO - DAG(s) dict_keys(['hello_world']) retrieved from /opt/airflow/dags/hello_world.py
[2022-08-23T19:00:47.240+0000] {logging_mixin.py:115} INFO - [2022-08-23T19:00:47.240+0000] {dag.py:2429} INFO - Sync 1 DAGs
[2022-08-23T19:00:47.271+0000] {logging_mixin.py:115} INFO - [2022-08-23T19:00:47.271+0000] {dag.py:2981} INFO - Setting next_dagrun for hello_world to 2022-08-23T00:00:00+00:00, run_after=2022-08-24T00:00:00+00:00
[2022-08-23T19:00:47.284+0000] {processor.py:161} INFO - Processing /opt/airflow/dags/hello_world.py took 0.099 seconds
[2022-08-23T19:01:17.357+0000] {processor.py:153} INFO - Started process (PID=706) to work on /opt/airflow/dags/hello_world.py
[2022-08-23T19:01:17.359+0000] {processor.py:640} INFO - Processing file /opt/airflow/dags/hello_world.py for tasks to queue
[2022-08-23T19:01:17.360+0000] {logging_mixin.py:115} INFO - [2022-08-23T19:01:17.360+0000] {dagbag.py:508} INFO - Filling up the DagBag from /opt/airflow/dags/hello_world.py
[2022-08-23T19:01:17.377+0000] {processor.py:650} INFO - DAG(s) dict_keys(['hello_world']) retrieved from /opt/airflow/dags/hello_world.py
[2022-08-23T19:01:17.411+0000] {logging_mixin.py:115} INFO - [2022-08-23T19:01:17.411+0000] {dag.py:2429} INFO - Sync 1 DAGs
[2022-08-23T19:01:17.440+0000] {logging_mixin.py:115} INFO - [2022-08-23T19:01:17.440+0000] {dag.py:2981} INFO - Setting next_dagrun for hello_world to 2022-08-23T00:00:00+00:00, run_after=2022-08-24T00:00:00+00:00
[2022-08-23T19:01:17.452+0000] {processor.py:161} INFO - Processing /opt/airflow/dags/hello_world.py took 0.100 seconds
[2022-08-23T19:01:47.523+0000] {processor.py:153} INFO - Started process (PID=734) to work on /opt/airflow/dags/hello_world.py
[2022-08-23T19:01:47.525+0000] {processor.py:640} INFO - Processing file /opt/airflow/dags/hello_world.py for tasks to queue
[2022-08-23T19:01:47.526+0000] {logging_mixin.py:115} INFO - [2022-08-23T19:01:47.526+0000] {dagbag.py:508} INFO - Filling up the DagBag from /opt/airflow/dags/hello_world.py
[2022-08-23T19:01:47.540+0000] {processor.py:650} INFO - DAG(s) dict_keys(['hello_world']) retrieved from /opt/airflow/dags/hello_world.py
[2022-08-23T19:01:47.568+0000] {logging_mixin.py:115} INFO - [2022-08-23T19:01:47.568+0000] {dag.py:2429} INFO - Sync 1 DAGs
[2022-08-23T19:01:47.595+0000] {logging_mixin.py:115} INFO - [2022-08-23T19:01:47.594+0000] {dag.py:2981} INFO - Setting next_dagrun for hello_world to 2022-08-23T00:00:00+00:00, run_after=2022-08-24T00:00:00+00:00
[2022-08-23T19:01:47.606+0000] {processor.py:161} INFO - Processing /opt/airflow/dags/hello_world.py took 0.087 seconds
[2022-08-23T19:02:17.683+0000] {processor.py:153} INFO - Started process (PID=762) to work on /opt/airflow/dags/hello_world.py
[2022-08-23T19:02:17.685+0000] {processor.py:640} INFO - Processing file /opt/airflow/dags/hello_world.py for tasks to queue
[2022-08-23T19:02:17.687+0000] {logging_mixin.py:115} INFO - [2022-08-23T19:02:17.686+0000] {dagbag.py:508} INFO - Filling up the DagBag from /opt/airflow/dags/hello_world.py
[2022-08-23T19:02:17.701+0000] {processor.py:650} INFO - DAG(s) dict_keys(['hello_world']) retrieved from /opt/airflow/dags/hello_world.py
[2022-08-23T19:02:17.732+0000] {logging_mixin.py:115} INFO - [2022-08-23T19:02:17.731+0000] {dag.py:2429} INFO - Sync 1 DAGs
[2022-08-23T19:02:17.758+0000] {logging_mixin.py:115} INFO - [2022-08-23T19:02:17.758+0000] {dag.py:2981} INFO - Setting next_dagrun for hello_world to 2022-08-23T00:00:00+00:00, run_after=2022-08-24T00:00:00+00:00
[2022-08-23T19:02:17.770+0000] {processor.py:161} INFO - Processing /opt/airflow/dags/hello_world.py took 0.091 seconds
[2022-08-23T19:02:47.854+0000] {processor.py:153} INFO - Started process (PID=781) to work on /opt/airflow/dags/hello_world.py
[2022-08-23T19:02:47.857+0000] {processor.py:640} INFO - Processing file /opt/airflow/dags/hello_world.py for tasks to queue
[2022-08-23T19:02:47.858+0000] {logging_mixin.py:115} INFO - [2022-08-23T19:02:47.858+0000] {dagbag.py:508} INFO - Filling up the DagBag from /opt/airflow/dags/hello_world.py
[2022-08-23T19:02:47.872+0000] {processor.py:650} INFO - DAG(s) dict_keys(['hello_world']) retrieved from /opt/airflow/dags/hello_world.py
[2022-08-23T19:02:47.900+0000] {logging_mixin.py:115} INFO - [2022-08-23T19:02:47.900+0000] {dag.py:2429} INFO - Sync 1 DAGs
[2022-08-23T19:02:47.929+0000] {logging_mixin.py:115} INFO - [2022-08-23T19:02:47.929+0000] {dag.py:2981} INFO - Setting next_dagrun for hello_world to 2022-08-23T00:00:00+00:00, run_after=2022-08-24T00:00:00+00:00
[2022-08-23T19:02:47.941+0000] {processor.py:161} INFO - Processing /opt/airflow/dags/hello_world.py took 0.091 seconds
[2022-08-23T19:03:18.009+0000] {processor.py:153} INFO - Started process (PID=809) to work on /opt/airflow/dags/hello_world.py
[2022-08-23T19:03:18.011+0000] {processor.py:640} INFO - Processing file /opt/airflow/dags/hello_world.py for tasks to queue
[2022-08-23T19:03:18.012+0000] {logging_mixin.py:115} INFO - [2022-08-23T19:03:18.012+0000] {dagbag.py:508} INFO - Filling up the DagBag from /opt/airflow/dags/hello_world.py
[2022-08-23T19:03:18.025+0000] {processor.py:650} INFO - DAG(s) dict_keys(['hello_world']) retrieved from /opt/airflow/dags/hello_world.py
[2022-08-23T19:03:18.054+0000] {logging_mixin.py:115} INFO - [2022-08-23T19:03:18.054+0000] {dag.py:2429} INFO - Sync 1 DAGs
[2022-08-23T19:03:18.081+0000] {logging_mixin.py:115} INFO - [2022-08-23T19:03:18.081+0000] {dag.py:2981} INFO - Setting next_dagrun for hello_world to 2022-08-23T00:00:00+00:00, run_after=2022-08-24T00:00:00+00:00
[2022-08-23T19:03:18.093+0000] {processor.py:161} INFO - Processing /opt/airflow/dags/hello_world.py took 0.087 seconds
[2022-08-23T19:03:48.172+0000] {processor.py:153} INFO - Started process (PID=837) to work on /opt/airflow/dags/hello_world.py
[2022-08-23T19:03:48.175+0000] {processor.py:640} INFO - Processing file /opt/airflow/dags/hello_world.py for tasks to queue
[2022-08-23T19:03:48.176+0000] {logging_mixin.py:115} INFO - [2022-08-23T19:03:48.176+0000] {dagbag.py:508} INFO - Filling up the DagBag from /opt/airflow/dags/hello_world.py
[2022-08-23T19:03:48.192+0000] {processor.py:650} INFO - DAG(s) dict_keys(['hello_world']) retrieved from /opt/airflow/dags/hello_world.py
[2022-08-23T19:03:48.222+0000] {logging_mixin.py:115} INFO - [2022-08-23T19:03:48.221+0000] {dag.py:2429} INFO - Sync 1 DAGs
[2022-08-23T19:03:48.250+0000] {logging_mixin.py:115} INFO - [2022-08-23T19:03:48.250+0000] {dag.py:2981} INFO - Setting next_dagrun for hello_world to 2022-08-23T00:00:00+00:00, run_after=2022-08-24T00:00:00+00:00
[2022-08-23T19:03:48.267+0000] {processor.py:161} INFO - Processing /opt/airflow/dags/hello_world.py took 0.099 seconds
[2022-08-23T19:04:18.348+0000] {processor.py:153} INFO - Started process (PID=856) to work on /opt/airflow/dags/hello_world.py
[2022-08-23T19:04:18.350+0000] {processor.py:640} INFO - Processing file /opt/airflow/dags/hello_world.py for tasks to queue
[2022-08-23T19:04:18.352+0000] {logging_mixin.py:115} INFO - [2022-08-23T19:04:18.351+0000] {dagbag.py:508} INFO - Filling up the DagBag from /opt/airflow/dags/hello_world.py
[2022-08-23T19:04:18.365+0000] {processor.py:650} INFO - DAG(s) dict_keys(['hello_world']) retrieved from /opt/airflow/dags/hello_world.py
[2022-08-23T19:04:18.394+0000] {logging_mixin.py:115} INFO - [2022-08-23T19:04:18.394+0000] {dag.py:2429} INFO - Sync 1 DAGs
[2022-08-23T19:04:18.421+0000] {logging_mixin.py:115} INFO - [2022-08-23T19:04:18.421+0000] {dag.py:2981} INFO - Setting next_dagrun for hello_world to 2022-08-23T00:00:00+00:00, run_after=2022-08-24T00:00:00+00:00
[2022-08-23T19:04:18.433+0000] {processor.py:161} INFO - Processing /opt/airflow/dags/hello_world.py took 0.089 seconds
[2022-08-23T19:04:48.503+0000] {processor.py:153} INFO - Started process (PID=884) to work on /opt/airflow/dags/hello_world.py
[2022-08-23T19:04:48.505+0000] {processor.py:640} INFO - Processing file /opt/airflow/dags/hello_world.py for tasks to queue
[2022-08-23T19:04:48.506+0000] {logging_mixin.py:115} INFO - [2022-08-23T19:04:48.506+0000] {dagbag.py:508} INFO - Filling up the DagBag from /opt/airflow/dags/hello_world.py
[2022-08-23T19:04:48.519+0000] {processor.py:650} INFO - DAG(s) dict_keys(['hello_world']) retrieved from /opt/airflow/dags/hello_world.py
[2022-08-23T19:04:48.548+0000] {logging_mixin.py:115} INFO - [2022-08-23T19:04:48.548+0000] {dag.py:2429} INFO - Sync 1 DAGs
[2022-08-23T19:04:48.574+0000] {logging_mixin.py:115} INFO - [2022-08-23T19:04:48.574+0000] {dag.py:2981} INFO - Setting next_dagrun for hello_world to 2022-08-23T00:00:00+00:00, run_after=2022-08-24T00:00:00+00:00
[2022-08-23T19:04:48.585+0000] {processor.py:161} INFO - Processing /opt/airflow/dags/hello_world.py took 0.086 seconds
[2022-08-23T19:05:18.657+0000] {processor.py:153} INFO - Started process (PID=903) to work on /opt/airflow/dags/hello_world.py
[2022-08-23T19:05:18.659+0000] {processor.py:640} INFO - Processing file /opt/airflow/dags/hello_world.py for tasks to queue
[2022-08-23T19:05:18.660+0000] {logging_mixin.py:115} INFO - [2022-08-23T19:05:18.660+0000] {dagbag.py:508} INFO - Filling up the DagBag from /opt/airflow/dags/hello_world.py
[2022-08-23T19:05:18.673+0000] {processor.py:650} INFO - DAG(s) dict_keys(['hello_world']) retrieved from /opt/airflow/dags/hello_world.py
[2022-08-23T19:05:18.706+0000] {logging_mixin.py:115} INFO - [2022-08-23T19:05:18.706+0000] {dag.py:2429} INFO - Sync 1 DAGs
[2022-08-23T19:05:18.739+0000] {logging_mixin.py:115} INFO - [2022-08-23T19:05:18.739+0000] {dag.py:2981} INFO - Setting next_dagrun for hello_world to 2022-08-23T00:00:00+00:00, run_after=2022-08-24T00:00:00+00:00
[2022-08-23T19:05:18.751+0000] {processor.py:161} INFO - Processing /opt/airflow/dags/hello_world.py took 0.098 seconds
[2022-08-23T19:05:48.828+0000] {processor.py:153} INFO - Started process (PID=931) to work on /opt/airflow/dags/hello_world.py
[2022-08-23T19:05:48.830+0000] {processor.py:640} INFO - Processing file /opt/airflow/dags/hello_world.py for tasks to queue
[2022-08-23T19:05:48.831+0000] {logging_mixin.py:115} INFO - [2022-08-23T19:05:48.831+0000] {dagbag.py:508} INFO - Filling up the DagBag from /opt/airflow/dags/hello_world.py
[2022-08-23T19:05:48.843+0000] {processor.py:650} INFO - DAG(s) dict_keys(['hello_world']) retrieved from /opt/airflow/dags/hello_world.py
[2022-08-23T19:05:48.878+0000] {logging_mixin.py:115} INFO - [2022-08-23T19:05:48.878+0000] {dag.py:2429} INFO - Sync 1 DAGs
[2022-08-23T19:05:48.912+0000] {logging_mixin.py:115} INFO - [2022-08-23T19:05:48.912+0000] {dag.py:2981} INFO - Setting next_dagrun for hello_world to 2022-08-23T00:00:00+00:00, run_after=2022-08-24T00:00:00+00:00
[2022-08-23T19:05:48.930+0000] {processor.py:161} INFO - Processing /opt/airflow/dags/hello_world.py took 0.105 seconds
[2022-08-23T19:06:19.014+0000] {processor.py:153} INFO - Started process (PID=959) to work on /opt/airflow/dags/hello_world.py
[2022-08-23T19:06:19.016+0000] {processor.py:640} INFO - Processing file /opt/airflow/dags/hello_world.py for tasks to queue
[2022-08-23T19:06:19.018+0000] {logging_mixin.py:115} INFO - [2022-08-23T19:06:19.018+0000] {dagbag.py:508} INFO - Filling up the DagBag from /opt/airflow/dags/hello_world.py
[2022-08-23T19:06:19.035+0000] {processor.py:650} INFO - DAG(s) dict_keys(['hello_world']) retrieved from /opt/airflow/dags/hello_world.py
[2022-08-23T19:06:19.067+0000] {logging_mixin.py:115} INFO - [2022-08-23T19:06:19.067+0000] {dag.py:2429} INFO - Sync 1 DAGs
[2022-08-23T19:06:19.103+0000] {logging_mixin.py:115} INFO - [2022-08-23T19:06:19.102+0000] {dag.py:2981} INFO - Setting next_dagrun for hello_world to 2022-08-23T00:00:00+00:00, run_after=2022-08-24T00:00:00+00:00
[2022-08-23T19:06:19.130+0000] {processor.py:161} INFO - Processing /opt/airflow/dags/hello_world.py took 0.121 seconds
[2022-08-23T19:06:49.214+0000] {processor.py:153} INFO - Started process (PID=978) to work on /opt/airflow/dags/hello_world.py
[2022-08-23T19:06:49.216+0000] {processor.py:640} INFO - Processing file /opt/airflow/dags/hello_world.py for tasks to queue
[2022-08-23T19:06:49.217+0000] {logging_mixin.py:115} INFO - [2022-08-23T19:06:49.217+0000] {dagbag.py:508} INFO - Filling up the DagBag from /opt/airflow/dags/hello_world.py
[2022-08-23T19:06:49.231+0000] {processor.py:650} INFO - DAG(s) dict_keys(['hello_world']) retrieved from /opt/airflow/dags/hello_world.py
[2022-08-23T19:06:49.264+0000] {logging_mixin.py:115} INFO - [2022-08-23T19:06:49.264+0000] {dag.py:2429} INFO - Sync 1 DAGs
[2022-08-23T19:06:49.292+0000] {logging_mixin.py:115} INFO - [2022-08-23T19:06:49.292+0000] {dag.py:2981} INFO - Setting next_dagrun for hello_world to 2022-08-23T00:00:00+00:00, run_after=2022-08-24T00:00:00+00:00
[2022-08-23T19:06:49.304+0000] {processor.py:161} INFO - Processing /opt/airflow/dags/hello_world.py took 0.095 seconds
[2022-08-23T19:07:19.381+0000] {processor.py:153} INFO - Started process (PID=1006) to work on /opt/airflow/dags/hello_world.py
[2022-08-23T19:07:19.383+0000] {processor.py:640} INFO - Processing file /opt/airflow/dags/hello_world.py for tasks to queue
[2022-08-23T19:07:19.385+0000] {logging_mixin.py:115} INFO - [2022-08-23T19:07:19.384+0000] {dagbag.py:508} INFO - Filling up the DagBag from /opt/airflow/dags/hello_world.py
[2022-08-23T19:07:19.400+0000] {processor.py:650} INFO - DAG(s) dict_keys(['hello_world']) retrieved from /opt/airflow/dags/hello_world.py
[2022-08-23T19:07:19.432+0000] {logging_mixin.py:115} INFO - [2022-08-23T19:07:19.432+0000] {dag.py:2429} INFO - Sync 1 DAGs
[2022-08-23T19:07:19.463+0000] {logging_mixin.py:115} INFO - [2022-08-23T19:07:19.463+0000] {dag.py:2981} INFO - Setting next_dagrun for hello_world to 2022-08-23T00:00:00+00:00, run_after=2022-08-24T00:00:00+00:00
[2022-08-23T19:07:19.478+0000] {processor.py:161} INFO - Processing /opt/airflow/dags/hello_world.py took 0.102 seconds
[2022-08-23T19:07:49.552+0000] {processor.py:153} INFO - Started process (PID=1034) to work on /opt/airflow/dags/hello_world.py
[2022-08-23T19:07:49.554+0000] {processor.py:640} INFO - Processing file /opt/airflow/dags/hello_world.py for tasks to queue
[2022-08-23T19:07:49.555+0000] {logging_mixin.py:115} INFO - [2022-08-23T19:07:49.555+0000] {dagbag.py:508} INFO - Filling up the DagBag from /opt/airflow/dags/hello_world.py
[2022-08-23T19:07:49.569+0000] {processor.py:650} INFO - DAG(s) dict_keys(['hello_world']) retrieved from /opt/airflow/dags/hello_world.py
[2022-08-23T19:07:49.598+0000] {logging_mixin.py:115} INFO - [2022-08-23T19:07:49.597+0000] {dag.py:2429} INFO - Sync 1 DAGs
[2022-08-23T19:07:49.623+0000] {logging_mixin.py:115} INFO - [2022-08-23T19:07:49.623+0000] {dag.py:2981} INFO - Setting next_dagrun for hello_world to 2022-08-23T00:00:00+00:00, run_after=2022-08-24T00:00:00+00:00
[2022-08-23T19:07:49.635+0000] {processor.py:161} INFO - Processing /opt/airflow/dags/hello_world.py took 0.087 seconds
[2022-08-23T19:08:19.700+0000] {processor.py:153} INFO - Started process (PID=1053) to work on /opt/airflow/dags/hello_world.py
[2022-08-23T19:08:19.701+0000] {processor.py:640} INFO - Processing file /opt/airflow/dags/hello_world.py for tasks to queue
[2022-08-23T19:08:19.703+0000] {logging_mixin.py:115} INFO - [2022-08-23T19:08:19.702+0000] {dagbag.py:508} INFO - Filling up the DagBag from /opt/airflow/dags/hello_world.py
[2022-08-23T19:08:19.714+0000] {processor.py:650} INFO - DAG(s) dict_keys(['hello_world']) retrieved from /opt/airflow/dags/hello_world.py
[2022-08-23T19:08:19.747+0000] {logging_mixin.py:115} INFO - [2022-08-23T19:08:19.747+0000] {dag.py:2429} INFO - Sync 1 DAGs
[2022-08-23T19:08:19.782+0000] {logging_mixin.py:115} INFO - [2022-08-23T19:08:19.782+0000] {dag.py:2981} INFO - Setting next_dagrun for hello_world to 2022-08-23T00:00:00+00:00, run_after=2022-08-24T00:00:00+00:00
[2022-08-23T19:08:19.797+0000] {processor.py:161} INFO - Processing /opt/airflow/dags/hello_world.py took 0.101 seconds
[2022-08-23T19:08:49.867+0000] {processor.py:153} INFO - Started process (PID=1081) to work on /opt/airflow/dags/hello_world.py
[2022-08-23T19:08:49.869+0000] {processor.py:640} INFO - Processing file /opt/airflow/dags/hello_world.py for tasks to queue
[2022-08-23T19:08:49.871+0000] {logging_mixin.py:115} INFO - [2022-08-23T19:08:49.870+0000] {dagbag.py:508} INFO - Filling up the DagBag from /opt/airflow/dags/hello_world.py
[2022-08-23T19:08:49.886+0000] {processor.py:650} INFO - DAG(s) dict_keys(['hello_world']) retrieved from /opt/airflow/dags/hello_world.py
[2022-08-23T19:08:49.916+0000] {logging_mixin.py:115} INFO - [2022-08-23T19:08:49.916+0000] {dag.py:2429} INFO - Sync 1 DAGs
[2022-08-23T19:08:49.945+0000] {logging_mixin.py:115} INFO - [2022-08-23T19:08:49.944+0000] {dag.py:2981} INFO - Setting next_dagrun for hello_world to 2022-08-23T00:00:00+00:00, run_after=2022-08-24T00:00:00+00:00
[2022-08-23T19:08:49.956+0000] {processor.py:161} INFO - Processing /opt/airflow/dags/hello_world.py took 0.093 seconds
[2022-08-23T19:09:20.018+0000] {processor.py:153} INFO - Started process (PID=1109) to work on /opt/airflow/dags/hello_world.py
[2022-08-23T19:09:20.019+0000] {processor.py:640} INFO - Processing file /opt/airflow/dags/hello_world.py for tasks to queue
[2022-08-23T19:09:20.021+0000] {logging_mixin.py:115} INFO - [2022-08-23T19:09:20.020+0000] {dagbag.py:508} INFO - Filling up the DagBag from /opt/airflow/dags/hello_world.py
[2022-08-23T19:09:20.037+0000] {processor.py:650} INFO - DAG(s) dict_keys(['hello_world']) retrieved from /opt/airflow/dags/hello_world.py
[2022-08-23T19:09:20.069+0000] {logging_mixin.py:115} INFO - [2022-08-23T19:09:20.069+0000] {dag.py:2429} INFO - Sync 1 DAGs
[2022-08-23T19:09:20.101+0000] {logging_mixin.py:115} INFO - [2022-08-23T19:09:20.101+0000] {dag.py:2981} INFO - Setting next_dagrun for hello_world to 2022-08-23T00:00:00+00:00, run_after=2022-08-24T00:00:00+00:00
[2022-08-23T19:09:20.117+0000] {processor.py:161} INFO - Processing /opt/airflow/dags/hello_world.py took 0.103 seconds
[2022-08-23T19:09:50.207+0000] {processor.py:153} INFO - Started process (PID=1128) to work on /opt/airflow/dags/hello_world.py
[2022-08-23T19:09:50.208+0000] {processor.py:640} INFO - Processing file /opt/airflow/dags/hello_world.py for tasks to queue
[2022-08-23T19:09:50.209+0000] {logging_mixin.py:115} INFO - [2022-08-23T19:09:50.209+0000] {dagbag.py:508} INFO - Filling up the DagBag from /opt/airflow/dags/hello_world.py
[2022-08-23T19:09:50.222+0000] {processor.py:650} INFO - DAG(s) dict_keys(['hello_world']) retrieved from /opt/airflow/dags/hello_world.py
[2022-08-23T19:09:50.250+0000] {logging_mixin.py:115} INFO - [2022-08-23T19:09:50.250+0000] {dag.py:2429} INFO - Sync 1 DAGs
[2022-08-23T19:09:50.277+0000] {logging_mixin.py:115} INFO - [2022-08-23T19:09:50.277+0000] {dag.py:2981} INFO - Setting next_dagrun for hello_world to 2022-08-23T00:00:00+00:00, run_after=2022-08-24T00:00:00+00:00
[2022-08-23T19:09:50.288+0000] {processor.py:161} INFO - Processing /opt/airflow/dags/hello_world.py took 0.085 seconds
[2022-08-23T19:10:20.375+0000] {processor.py:153} INFO - Started process (PID=1156) to work on /opt/airflow/dags/hello_world.py
[2022-08-23T19:10:20.376+0000] {processor.py:640} INFO - Processing file /opt/airflow/dags/hello_world.py for tasks to queue
[2022-08-23T19:10:20.378+0000] {logging_mixin.py:115} INFO - [2022-08-23T19:10:20.378+0000] {dagbag.py:508} INFO - Filling up the DagBag from /opt/airflow/dags/hello_world.py
[2022-08-23T19:10:20.393+0000] {processor.py:650} INFO - DAG(s) dict_keys(['hello_world']) retrieved from /opt/airflow/dags/hello_world.py
[2022-08-23T19:10:20.427+0000] {logging_mixin.py:115} INFO - [2022-08-23T19:10:20.427+0000] {dag.py:2429} INFO - Sync 1 DAGs
[2022-08-23T19:10:20.454+0000] {logging_mixin.py:115} INFO - [2022-08-23T19:10:20.454+0000] {dag.py:2981} INFO - Setting next_dagrun for hello_world to 2022-08-23T00:00:00+00:00, run_after=2022-08-24T00:00:00+00:00
[2022-08-23T19:10:20.467+0000] {processor.py:161} INFO - Processing /opt/airflow/dags/hello_world.py took 0.096 seconds
