[2022-08-23T18:48:44.566+0000] {taskinstance.py:1171} INFO - Dependencies all met for <TaskInstance: hello_world.hello_world scheduled__2022-08-22T00:00:00+00:00 [queued]>
[2022-08-23T18:48:44.578+0000] {taskinstance.py:1171} INFO - Dependencies all met for <TaskInstance: hello_world.hello_world scheduled__2022-08-22T00:00:00+00:00 [queued]>
[2022-08-23T18:48:44.579+0000] {taskinstance.py:1368} INFO - 
--------------------------------------------------------------------------------
[2022-08-23T18:48:44.579+0000] {taskinstance.py:1369} INFO - Starting attempt 1 of 2
[2022-08-23T18:48:44.580+0000] {taskinstance.py:1370} INFO - 
--------------------------------------------------------------------------------
[2022-08-23T18:48:44.594+0000] {taskinstance.py:1389} INFO - Executing <Task(PythonOperator): hello_world> on 2022-08-22 00:00:00+00:00
[2022-08-23T18:48:44.600+0000] {standard_task_runner.py:52} INFO - Started process 111 to run task
[2022-08-23T18:48:44.603+0000] {standard_task_runner.py:79} INFO - Running: ['***', 'tasks', 'run', 'hello_world', 'hello_world', 'scheduled__2022-08-22T00:00:00+00:00', '--job-id', '3', '--raw', '--subdir', 'DAGS_FOLDER/hello_world.py', '--cfg-path', '/tmp/tmpt4khrjco', '--error-file', '/tmp/tmph4yl612e']
[2022-08-23T18:48:44.604+0000] {standard_task_runner.py:80} INFO - Job 3: Subtask hello_world
[2022-08-23T18:48:44.672+0000] {task_command.py:371} INFO - Running <TaskInstance: hello_world.hello_world scheduled__2022-08-22T00:00:00+00:00 [running]> on host e0642d7e4a41
[2022-08-23T18:48:44.748+0000] {taskinstance.py:1583} INFO - Exporting the following env vars:
AIRFLOW_CTX_DAG_OWNER=***
AIRFLOW_CTX_DAG_ID=hello_world
AIRFLOW_CTX_TASK_ID=hello_world
AIRFLOW_CTX_EXECUTION_DATE=2022-08-22T00:00:00+00:00
AIRFLOW_CTX_TRY_NUMBER=1
AIRFLOW_CTX_DAG_RUN_ID=scheduled__2022-08-22T00:00:00+00:00
[2022-08-23T18:48:44.749+0000] {logging_mixin.py:115} INFO - Hello World!
[2022-08-23T18:48:44.750+0000] {python.py:173} INFO - Done. Returned value was: None
[2022-08-23T18:48:44.765+0000] {taskinstance.py:1412} INFO - Marking task as SUCCESS. dag_id=hello_world, task_id=hello_world, execution_date=20220822T000000, start_date=20220823T184844, end_date=20220823T184844
[2022-08-23T18:48:44.818+0000] {local_task_job.py:156} INFO - Task exited with return code 0
[2022-08-23T18:48:44.851+0000] {local_task_job.py:279} INFO - 0 downstream tasks scheduled from follow-on schedule check
