[2022-08-23T18:47:41.077+0000] {manager.py:480} INFO - Processing files using up to 2 processes at a time 
[2022-08-23T18:47:41.113+0000] {manager.py:481} INFO - Process each file at most once every 30 seconds
[2022-08-23T18:47:41.120+0000] {manager.py:483} INFO - Checking for new files in /opt/airflow/dags every 300 seconds
[2022-08-23T18:47:41.122+0000] {manager.py:709} INFO - Searching for files in /opt/airflow/dags
[2022-08-23T18:47:41.134+0000] {manager.py:712} INFO - There are 1 files in /opt/airflow/dags
[2022-08-23T18:47:41.360+0000] {manager.py:828} INFO - 
================================================================================
DAG File Processing Stats

File Path                           PID  Runtime      # DAGs    # Errors  Last Runtime    Last Run
--------------------------------  -----  ---------  --------  ----------  --------------  ----------
/opt/airflow/dags/hello_world.py     47  0.02s             0           0
================================================================================
[2022-08-23T18:48:11.423+0000] {manager.py:828} INFO - 
================================================================================
DAG File Processing Stats

File Path                         PID    Runtime      # DAGs    # Errors  Last Runtime    Last Run
--------------------------------  -----  ---------  --------  ----------  --------------  -------------------
/opt/airflow/dags/hello_world.py                           1           0  0.35s           2022-08-23T18:47:41
================================================================================
[2022-08-23T18:48:41.807+0000] {manager.py:828} INFO - 
================================================================================
DAG File Processing Stats

File Path                         PID    Runtime      # DAGs    # Errors  Last Runtime    Last Run
--------------------------------  -----  ---------  --------  ----------  --------------  -------------------
/opt/airflow/dags/hello_world.py                           1           0  0.13s           2022-08-23T18:48:11
================================================================================
[2022-08-23T18:49:12.166+0000] {manager.py:828} INFO - 
================================================================================
DAG File Processing Stats

File Path                         PID    Runtime      # DAGs    # Errors  Last Runtime    Last Run
--------------------------------  -----  ---------  --------  ----------  --------------  -------------------
/opt/airflow/dags/hello_world.py                           1           0  0.17s           2022-08-23T18:48:43
================================================================================
[2022-08-23T18:49:42.333+0000] {manager.py:828} INFO - 
================================================================================
DAG File Processing Stats

File Path                         PID    Runtime      # DAGs    # Errors  Last Runtime    Last Run
--------------------------------  -----  ---------  --------  ----------  --------------  -------------------
/opt/airflow/dags/hello_world.py                           1           0  0.22s           2022-08-23T18:49:13
================================================================================
[2022-08-23T18:50:12.537+0000] {manager.py:828} INFO - 
================================================================================
DAG File Processing Stats

File Path                         PID    Runtime      # DAGs    # Errors  Last Runtime    Last Run
--------------------------------  -----  ---------  --------  ----------  --------------  -------------------
/opt/airflow/dags/hello_world.py                           1           0  0.21s           2022-08-23T18:49:43
================================================================================
[2022-08-23T18:50:42.792+0000] {manager.py:828} INFO - 
================================================================================
DAG File Processing Stats

File Path                         PID    Runtime      # DAGs    # Errors  Last Runtime    Last Run
--------------------------------  -----  ---------  --------  ----------  --------------  -------------------
/opt/airflow/dags/hello_world.py                           1           0  0.13s           2022-08-23T18:50:13
================================================================================
[2022-08-23T18:51:12.979+0000] {manager.py:828} INFO - 
================================================================================
DAG File Processing Stats

File Path                         PID    Runtime      # DAGs    # Errors  Last Runtime    Last Run
--------------------------------  -----  ---------  --------  ----------  --------------  -------------------
/opt/airflow/dags/hello_world.py                           1           0  0.11s           2022-08-23T18:50:44
================================================================================
[2022-08-23T18:51:43.137+0000] {manager.py:828} INFO - 
================================================================================
DAG File Processing Stats

File Path                         PID    Runtime      # DAGs    # Errors  Last Runtime    Last Run
--------------------------------  -----  ---------  --------  ----------  --------------  -------------------
/opt/airflow/dags/hello_world.py                           1           0  0.12s           2022-08-23T18:51:14
================================================================================
[2022-08-23T18:52:13.320+0000] {manager.py:828} INFO - 
================================================================================
DAG File Processing Stats

File Path                         PID    Runtime      # DAGs    # Errors  Last Runtime    Last Run
--------------------------------  -----  ---------  --------  ----------  --------------  -------------------
/opt/airflow/dags/hello_world.py                           1           0  0.11s           2022-08-23T18:51:44
================================================================================
[2022-08-23T18:52:41.450+0000] {manager.py:709} INFO - Searching for files in /opt/airflow/dags
[2022-08-23T18:52:41.461+0000] {manager.py:712} INFO - There are 1 files in /opt/airflow/dags
[2022-08-23T18:52:43.484+0000] {manager.py:828} INFO - 
================================================================================
DAG File Processing Stats

File Path                         PID    Runtime      # DAGs    # Errors  Last Runtime    Last Run
--------------------------------  -----  ---------  --------  ----------  --------------  -------------------
/opt/airflow/dags/hello_world.py                           1           0  0.12s           2022-08-23T18:52:14
================================================================================
[2022-08-23T18:53:13.633+0000] {manager.py:828} INFO - 
================================================================================
DAG File Processing Stats

File Path                         PID    Runtime      # DAGs    # Errors  Last Runtime    Last Run
--------------------------------  -----  ---------  --------  ----------  --------------  -------------------
/opt/airflow/dags/hello_world.py                           1           0  0.12s           2022-08-23T18:52:44
================================================================================
[2022-08-23T18:53:43.793+0000] {manager.py:828} INFO - 
================================================================================
DAG File Processing Stats

File Path                         PID    Runtime      # DAGs    # Errors  Last Runtime    Last Run
--------------------------------  -----  ---------  --------  ----------  --------------  -------------------
/opt/airflow/dags/hello_world.py                           1           0  0.11s           2022-08-23T18:53:14
================================================================================
[2022-08-23T18:54:13.979+0000] {manager.py:828} INFO - 
================================================================================
DAG File Processing Stats

File Path                         PID    Runtime      # DAGs    # Errors  Last Runtime    Last Run
--------------------------------  -----  ---------  --------  ----------  --------------  -------------------
/opt/airflow/dags/hello_world.py                           1           0  0.11s           2022-08-23T18:53:45
================================================================================
[2022-08-23T18:54:44.170+0000] {manager.py:828} INFO - 
================================================================================
DAG File Processing Stats

File Path                         PID    Runtime      # DAGs    # Errors  Last Runtime    Last Run
--------------------------------  -----  ---------  --------  ----------  --------------  -------------------
/opt/airflow/dags/hello_world.py                           1           0  0.11s           2022-08-23T18:54:15
================================================================================
[2022-08-23T18:55:14.299+0000] {manager.py:828} INFO - 
================================================================================
DAG File Processing Stats

File Path                         PID    Runtime      # DAGs    # Errors  Last Runtime    Last Run
--------------------------------  -----  ---------  --------  ----------  --------------  -------------------
/opt/airflow/dags/hello_world.py                           1           0  0.12s           2022-08-23T18:54:45
================================================================================
[2022-08-23T18:55:44.416+0000] {manager.py:828} INFO - 
================================================================================
DAG File Processing Stats

File Path                         PID    Runtime      # DAGs    # Errors  Last Runtime    Last Run
--------------------------------  -----  ---------  --------  ----------  --------------  -------------------
/opt/airflow/dags/hello_world.py                           1           0  0.11s           2022-08-23T18:55:15
================================================================================
[2022-08-23T18:56:14.530+0000] {manager.py:828} INFO - 
================================================================================
DAG File Processing Stats

File Path                         PID    Runtime      # DAGs    # Errors  Last Runtime    Last Run
--------------------------------  -----  ---------  --------  ----------  --------------  -------------------
/opt/airflow/dags/hello_world.py                           1           0  0.11s           2022-08-23T18:55:45
================================================================================
[2022-08-23T18:56:44.647+0000] {manager.py:828} INFO - 
================================================================================
DAG File Processing Stats

File Path                         PID    Runtime      # DAGs    # Errors  Last Runtime    Last Run
--------------------------------  -----  ---------  --------  ----------  --------------  -------------------
/opt/airflow/dags/hello_world.py                           1           0  0.15s           2022-08-23T18:56:15
================================================================================
[2022-08-23T18:57:14.819+0000] {manager.py:828} INFO - 
================================================================================
DAG File Processing Stats

File Path                         PID    Runtime      # DAGs    # Errors  Last Runtime    Last Run
--------------------------------  -----  ---------  --------  ----------  --------------  -------------------
/opt/airflow/dags/hello_world.py                           1           0  0.12s           2022-08-23T18:56:45
================================================================================
[2022-08-23T18:57:41.982+0000] {manager.py:709} INFO - Searching for files in /opt/airflow/dags
[2022-08-23T18:57:41.994+0000] {manager.py:712} INFO - There are 1 files in /opt/airflow/dags
[2022-08-23T18:57:45.022+0000] {manager.py:828} INFO - 
================================================================================
DAG File Processing Stats

File Path                         PID    Runtime      # DAGs    # Errors  Last Runtime    Last Run
--------------------------------  -----  ---------  --------  ----------  --------------  -------------------
/opt/airflow/dags/hello_world.py                           1           0  0.11s           2022-08-23T18:57:16
================================================================================
[2022-08-23T18:58:15.135+0000] {manager.py:828} INFO - 
================================================================================
DAG File Processing Stats

File Path                         PID    Runtime      # DAGs    # Errors  Last Runtime    Last Run
--------------------------------  -----  ---------  --------  ----------  --------------  -------------------
/opt/airflow/dags/hello_world.py                           1           0  0.12s           2022-08-23T18:57:46
================================================================================
[2022-08-23T18:58:45.293+0000] {manager.py:828} INFO - 
================================================================================
DAG File Processing Stats

File Path                         PID    Runtime      # DAGs    # Errors  Last Runtime    Last Run
--------------------------------  -----  ---------  --------  ----------  --------------  -------------------
/opt/airflow/dags/hello_world.py                           1           0  0.12s           2022-08-23T18:58:16
================================================================================
[2022-08-23T18:59:15.448+0000] {manager.py:828} INFO - 
================================================================================
DAG File Processing Stats

File Path                         PID    Runtime      # DAGs    # Errors  Last Runtime    Last Run
--------------------------------  -----  ---------  --------  ----------  --------------  -------------------
/opt/airflow/dags/hello_world.py                           1           0  0.14s           2022-08-23T18:58:46
================================================================================
[2022-08-23T18:59:45.667+0000] {manager.py:828} INFO - 
================================================================================
DAG File Processing Stats

File Path                         PID    Runtime      # DAGs    # Errors  Last Runtime    Last Run
--------------------------------  -----  ---------  --------  ----------  --------------  -------------------
/opt/airflow/dags/hello_world.py                           1           0  0.13s           2022-08-23T18:59:16
================================================================================
[2022-08-23T19:00:15.838+0000] {manager.py:828} INFO - 
================================================================================
DAG File Processing Stats

File Path                         PID    Runtime      # DAGs    # Errors  Last Runtime    Last Run
--------------------------------  -----  ---------  --------  ----------  --------------  -------------------
/opt/airflow/dags/hello_world.py                           1           0  0.14s           2022-08-23T18:59:46
================================================================================
[2022-08-23T19:00:46.032+0000] {manager.py:828} INFO - 
================================================================================
DAG File Processing Stats

File Path                         PID    Runtime      # DAGs    # Errors  Last Runtime    Last Run
--------------------------------  -----  ---------  --------  ----------  --------------  -------------------
/opt/airflow/dags/hello_world.py                           1           0  0.16s           2022-08-23T19:00:17
================================================================================
[2022-08-23T19:01:16.256+0000] {manager.py:828} INFO - 
================================================================================
DAG File Processing Stats

File Path                         PID    Runtime      # DAGs    # Errors  Last Runtime    Last Run
--------------------------------  -----  ---------  --------  ----------  --------------  -------------------
/opt/airflow/dags/hello_world.py                           1           0  0.12s           2022-08-23T19:00:47
================================================================================
[2022-08-23T19:01:46.406+0000] {manager.py:828} INFO - 
================================================================================
DAG File Processing Stats

File Path                         PID    Runtime      # DAGs    # Errors  Last Runtime    Last Run
--------------------------------  -----  ---------  --------  ----------  --------------  -------------------
/opt/airflow/dags/hello_world.py                           1           0  0.12s           2022-08-23T19:01:17
================================================================================
[2022-08-23T19:02:16.593+0000] {manager.py:828} INFO - 
================================================================================
DAG File Processing Stats

File Path                         PID    Runtime      # DAGs    # Errors  Last Runtime    Last Run
--------------------------------  -----  ---------  --------  ----------  --------------  -------------------
/opt/airflow/dags/hello_world.py                           1           0  0.11s           2022-08-23T19:01:47
================================================================================
[2022-08-23T19:02:42.730+0000] {manager.py:709} INFO - Searching for files in /opt/airflow/dags
[2022-08-23T19:02:42.736+0000] {manager.py:712} INFO - There are 1 files in /opt/airflow/dags
[2022-08-23T19:02:46.758+0000] {manager.py:828} INFO - 
================================================================================
DAG File Processing Stats

File Path                         PID    Runtime      # DAGs    # Errors  Last Runtime    Last Run
--------------------------------  -----  ---------  --------  ----------  --------------  -------------------
/opt/airflow/dags/hello_world.py                           1           0  0.11s           2022-08-23T19:02:17
================================================================================
[2022-08-23T19:03:16.921+0000] {manager.py:828} INFO - 
================================================================================
DAG File Processing Stats

File Path                         PID    Runtime      # DAGs    # Errors  Last Runtime    Last Run
--------------------------------  -----  ---------  --------  ----------  --------------  -------------------
/opt/airflow/dags/hello_world.py                           1           0  0.11s           2022-08-23T19:02:47
================================================================================
[2022-08-23T19:03:47.067+0000] {manager.py:828} INFO - 
================================================================================
DAG File Processing Stats

File Path                         PID    Runtime      # DAGs    # Errors  Last Runtime    Last Run
--------------------------------  -----  ---------  --------  ----------  --------------  -------------------
/opt/airflow/dags/hello_world.py                           1           0  0.11s           2022-08-23T19:03:18
================================================================================
[2022-08-23T19:04:17.230+0000] {manager.py:828} INFO - 
================================================================================
DAG File Processing Stats

File Path                         PID    Runtime      # DAGs    # Errors  Last Runtime    Last Run
--------------------------------  -----  ---------  --------  ----------  --------------  -------------------
/opt/airflow/dags/hello_world.py                           1           0  0.12s           2022-08-23T19:03:48
================================================================================
[2022-08-23T19:04:47.407+0000] {manager.py:828} INFO - 
================================================================================
DAG File Processing Stats

File Path                         PID    Runtime      # DAGs    # Errors  Last Runtime    Last Run
--------------------------------  -----  ---------  --------  ----------  --------------  -------------------
/opt/airflow/dags/hello_world.py                           1           0  0.11s           2022-08-23T19:04:18
================================================================================
[2022-08-23T19:05:17.586+0000] {manager.py:828} INFO - 
================================================================================
DAG File Processing Stats

File Path                         PID    Runtime      # DAGs    # Errors  Last Runtime    Last Run
--------------------------------  -----  ---------  --------  ----------  --------------  -------------------
/opt/airflow/dags/hello_world.py                           1           0  0.11s           2022-08-23T19:04:48
================================================================================
[2022-08-23T19:05:47.726+0000] {manager.py:828} INFO - 
================================================================================
DAG File Processing Stats

File Path                         PID    Runtime      # DAGs    # Errors  Last Runtime    Last Run
--------------------------------  -----  ---------  --------  ----------  --------------  -------------------
/opt/airflow/dags/hello_world.py                           1           0  0.12s           2022-08-23T19:05:18
================================================================================
[2022-08-23T19:06:17.896+0000] {manager.py:828} INFO - 
================================================================================
DAG File Processing Stats

File Path                         PID    Runtime      # DAGs    # Errors  Last Runtime    Last Run
--------------------------------  -----  ---------  --------  ----------  --------------  -------------------
/opt/airflow/dags/hello_world.py                           1           0  0.13s           2022-08-23T19:05:48
================================================================================
[2022-08-23T19:06:48.094+0000] {manager.py:828} INFO - 
================================================================================
DAG File Processing Stats

File Path                         PID    Runtime      # DAGs    # Errors  Last Runtime    Last Run
--------------------------------  -----  ---------  --------  ----------  --------------  -------------------
/opt/airflow/dags/hello_world.py                           1           0  0.15s           2022-08-23T19:06:19
================================================================================
[2022-08-23T19:07:18.281+0000] {manager.py:828} INFO - 
================================================================================
DAG File Processing Stats

File Path                         PID    Runtime      # DAGs    # Errors  Last Runtime    Last Run
--------------------------------  -----  ---------  --------  ----------  --------------  -------------------
/opt/airflow/dags/hello_world.py                           1           0  0.12s           2022-08-23T19:06:49
================================================================================
[2022-08-23T19:07:43.426+0000] {manager.py:709} INFO - Searching for files in /opt/airflow/dags
[2022-08-23T19:07:43.436+0000] {manager.py:712} INFO - There are 1 files in /opt/airflow/dags
[2022-08-23T19:07:48.467+0000] {manager.py:828} INFO - 
================================================================================
DAG File Processing Stats

File Path                         PID    Runtime      # DAGs    # Errors  Last Runtime    Last Run
--------------------------------  -----  ---------  --------  ----------  --------------  -------------------
/opt/airflow/dags/hello_world.py                           1           0  0.12s           2022-08-23T19:07:19
================================================================================
[2022-08-23T19:08:18.627+0000] {manager.py:828} INFO - 
================================================================================
DAG File Processing Stats

File Path                         PID    Runtime      # DAGs    # Errors  Last Runtime    Last Run
--------------------------------  -----  ---------  --------  ----------  --------------  -------------------
/opt/airflow/dags/hello_world.py                           1           0  0.11s           2022-08-23T19:07:49
================================================================================
[2022-08-23T19:08:48.768+0000] {manager.py:828} INFO - 
================================================================================
DAG File Processing Stats

File Path                         PID    Runtime      # DAGs    # Errors  Last Runtime    Last Run
--------------------------------  -----  ---------  --------  ----------  --------------  -------------------
/opt/airflow/dags/hello_world.py                           1           0  0.12s           2022-08-23T19:08:19
================================================================================
[2022-08-23T19:09:18.933+0000] {manager.py:828} INFO - 
================================================================================
DAG File Processing Stats

File Path                         PID    Runtime      # DAGs    # Errors  Last Runtime    Last Run
--------------------------------  -----  ---------  --------  ----------  --------------  -------------------
/opt/airflow/dags/hello_world.py                           1           0  0.11s           2022-08-23T19:08:49
================================================================================
[2022-08-23T19:09:49.102+0000] {manager.py:828} INFO - 
================================================================================
DAG File Processing Stats

File Path                         PID    Runtime      # DAGs    # Errors  Last Runtime    Last Run
--------------------------------  -----  ---------  --------  ----------  --------------  -------------------
/opt/airflow/dags/hello_world.py                           1           0  0.13s           2022-08-23T19:09:20
================================================================================
[2022-08-23T19:10:19.267+0000] {manager.py:828} INFO - 
================================================================================
DAG File Processing Stats

File Path                         PID    Runtime      # DAGs    # Errors  Last Runtime    Last Run
--------------------------------  -----  ---------  --------  ----------  --------------  -------------------
/opt/airflow/dags/hello_world.py                           1           0  0.11s           2022-08-23T19:09:50
================================================================================
